<?xml version="1.0" encoding="UTF-8"?>
<!-- Generated by org.testng.reporters.JUnitReportReporter -->
<testsuite hostname="EN709025" failures="0" tests="1" name="runner.TestRunner" time="7.910" errors="0" timestamp="25 окт 2017 13:49:28 GMT" skipped="0">
  <testcase classname="runner.TestRunner" name="feature" time="7.910"/>
</testsuite> <!-- runner.TestRunner -->
